<?xml version="1.0" encoding="UTF-8"?>
<!-- Generated by org.testng.reporters.JUnitXMLReporter -->
<testsuite ignored="0" hostname="LAPTOP-58M37A77" failures="1" tests="5" name="Create Customer API Test" time="2.42" errors="0" timestamp="21 Sep 2021 09:11:15 GMT">
  <testcase classname="com.w2a.APITestingFramework.testcases.CreateCustomerTest" name="ValidateCreateCustomerAPIWithInValidSecretKey" time="1.674">
    <failure type="java.lang.AssertionError" message="expected [200] but found [400]">
      <![CDATA[java.lang.AssertionError: expected [200] but found [400]
	at com.w2a.APITestingFramework.testcases.CreateCustomerTest.ValidateCreateCustomerAPIWithInValidSecretKey(CreateCustomerTest.java:40)
	at java.base/java.util.concurrent.FutureTask.run(FutureTask.java:264)
	at java.base/java.util.concurrent.Executors$RunnableAdapter.call(Executors.java:515)
	at java.base/java.util.concurrent.FutureTask.run(FutureTask.java:264)
	at java.base/java.util.concurrent.ThreadPoolExecutor.runWorker(ThreadPoolExecutor.java:1128)
	at java.base/java.util.concurrent.ThreadPoolExecutor$Worker.run(ThreadPoolExecutor.java:628)
	at java.base/java.lang.Thread.run(Thread.java:834)
... Removed 15 stack frames]]>
    </failure>
  </testcase> <!-- ValidateCreateCustomerAPIWithInValidSecretKey -->
  <testcase classname="com.w2a.APITestingFramework.testcases.CreateCustomerTest" name="ValidateCreateCustomerAPIWithValidSecretKey" time="0.652"/>
  <testcase classname="com.w2a.APITestingFramework.testcases.CreateCustomerTest" name="ValidateCreateCustomerAPIWithValidSecretKey" time="0.667"/>
  <testcase classname="com.w2a.APITestingFramework.testcases.CreateCustomerTest" name="ValidateCreateCustomerAPIWithValidSecretKey" time="0.67"/>
  <testcase classname="com.w2a.APITestingFramework.testcases.CreateCustomerTest" name="ValidateCreateCustomerAPIWithValidSecretKey" time="0.686"/>
</testsuite> <!-- Create Customer API Test -->
